【招聘】理综家教
Fw:中科院固体所微纳技术与器件研究室招聘微电系统工
代招程序人员
招两名老师教数学和物理
【招聘】在宿舍上网对学生进行网上家教，不用跑远路
南京圣和药业股份有限公司2015春季校园招聘
广汽三菱2015年春季校园招聘
中科院先进技术研究院员工/实习生招聘开始啦
国家纳米科学中心何军课题组招聘启事
智汇金陵（南京）博士后研究团队校园招聘会
招商银行信用卡中心2015年春季校园招聘&暑期实习生招
中国银联“银星计划”2015年实习生招聘
2015微软校园招聘火热启动啦！
DUANG~~腾讯2015实习生招聘启动，让世界看到你的影响
【百度】地图LBS检索&数据挖掘组招聘【实习生】
北京技德科技有限公司招聘正式员工/实习生
中科院固体所微纳技术与器件研究室招聘微电系统工
3月20日最新校园招聘信息汇总
深圳航空2015上半年公费飞行学员招聘正式启动
瑞声科技春季招聘
高分子材料博士硕士招聘
实现梦想闪耀未来D立白集团2015届校园招聘简章
天津泰达建设“泰达梦之生”2015年春季校园招聘
Fw:Facebook软件工程师国际招聘（伦敦）
Facebook软件工程师国际招聘（伦敦）
招聘IOS工程师
【招聘】小学一年级伴读，限女生（已找到，谢谢！）
